This file contains any messages produced by compilers while
running configure, to aid debugging if configure makes a mistake.

It was created by configure, which was
generated by GNU Autoconf 2.61.  Invocation command line was

  $ ./configure --host=i586-mingw32msvc

## --------- ##
## Platform. ##
## --------- ##

hostname = kitty-eee
uname -m = i686
uname -r = 2.6.24-21-eeepc
uname -s = Linux
uname -v = #1 SMP Thu Aug 7 22:18:05 MDT 2008

/usr/bin/uname -p = unknown
/bin/uname -X     = unknown

/bin/arch              = unknown
/usr/bin/arch -k       = unknown
/usr/convex/getsysinfo = unknown
/usr/bin/hostinfo      = unknown
/bin/machine           = unknown
/usr/bin/oslevel       = unknown
/bin/universe          = unknown

PATH: /usr/local/sbin
PATH: /usr/local/bin
PATH: /usr/sbin
PATH: /usr/bin
PATH: /sbin
PATH: /bin
PATH: /usr/games


## ----------- ##
## Core tests. ##
## ----------- ##

configure:1729: checking for a BSD-compatible install
configure:1785: result: /usr/bin/install -c
configure:1796: checking whether build environment is sane
configure:1839: result: yes
configure:1867: checking for a thread-safe mkdir -p
configure:1906: result: /bin/mkdir -p
configure:1919: checking for gawk
configure:1935: found /usr/bin/gawk
configure:1946: result: gawk
configure:1957: checking whether make sets $(MAKE)
configure:1978: result: yes
configure:2058: checking for i586-mingw32msvc-strip
configure:2074: found /usr/bin/i586-mingw32msvc-strip
configure:2085: result: i586-mingw32msvc-strip
configure:2174: checking for i586-mingw32msvc-gcc
configure:2190: found /usr/bin/i586-mingw32msvc-gcc
configure:2201: result: i586-mingw32msvc-gcc
configure:2479: checking for C compiler version
configure:2486: i586-mingw32msvc-gcc --version >&5
i586-mingw32msvc-gcc (GCC) 4.2.1-sjlj (mingw32-2)
Copyright (C) 2007 Free Software Foundation, Inc.
This is free software; see the source for copying conditions.  There is NO
warranty; not even for MERCHANTABILITY or FITNESS FOR A PARTICULAR PURPOSE.

configure:2489: $? = 0
configure:2496: i586-mingw32msvc-gcc -v >&5
Using built-in specs.
Target: i586-mingw32msvc
Configured with: /build/buildd/mingw32-4.2.1.dfsg/build_dir/src/gcc-4.2.1-2-dfsg/configure -v --prefix=/usr --target=i586-mingw32msvc --enable-languages=c,c++ --enable-threads --enable-sjlj-exceptions --disable-multilib --enable-version-specific-runtime-libs
Thread model: win32
gcc version 4.2.1-sjlj (mingw32-2)
configure:2499: $? = 0
configure:2506: i586-mingw32msvc-gcc -V >&5
i586-mingw32msvc-gcc: '-V' option must have argument
configure:2509: $? = 1
configure:2532: checking for C compiler default output file name
configure:2559: i586-mingw32msvc-gcc    conftest.c  >&5
configure:2562: $? = 0
configure:2600: result: a.exe
configure:2617: checking whether the C compiler works
configure:2627: ./a.exe
configure:2630: $? = 0
configure:2647: result: yes
configure:2654: checking whether we are cross compiling
configure:2656: result: no
configure:2659: checking for suffix of executables
configure:2666: i586-mingw32msvc-gcc -o conftest.exe    conftest.c  >&5
configure:2669: $? = 0
configure:2693: result: .exe
configure:2699: checking for suffix of object files
configure:2725: i586-mingw32msvc-gcc -c   conftest.c >&5
configure:2728: $? = 0
configure:2751: result: o
configure:2755: checking whether we are using the GNU C compiler
configure:2784: i586-mingw32msvc-gcc -c   conftest.c >&5
configure:2790: $? = 0
configure:2807: result: yes
configure:2812: checking whether i586-mingw32msvc-gcc accepts -g
configure:2842: i586-mingw32msvc-gcc -c -g  conftest.c >&5
configure:2848: $? = 0
configure:2947: result: yes
configure:2964: checking for i586-mingw32msvc-gcc option to accept ISO C89
configure:3038: i586-mingw32msvc-gcc  -c -g -O2  conftest.c >&5
configure:3044: $? = 0
configure:3067: result: none needed
configure:3096: checking for style of include used by make
configure:3124: result: GNU
configure:3149: checking dependency style of i586-mingw32msvc-gcc
configure:3240: result: gcc3
configure:3268: checking for a BSD-compatible install
configure:3324: result: /usr/bin/install -c
configure:3343: checking for i586-mingw32msvc-pkg-config
configure:3376: result: no
configure:3386: checking for pkg-config
configure:3404: found /usr/bin/pkg-config
configure:3416: result: /usr/bin/pkg-config
configure:3445: checking pkg-config is at least version 0.9.0
configure:3448: result: yes
configure:3459: checking for GTK
configure:3467: $PKG_CONFIG --exists --print-errors "gdk-2.0 gtk+-2.0"
configure:3470: $? = 0
configure:3485: $PKG_CONFIG --exists --print-errors "gdk-2.0 gtk+-2.0"
configure:3488: $? = 0
configure:3524: result: yes
configure:3677: creating ./config.status

## ---------------------- ##
## Running config.status. ##
## ---------------------- ##

This file was extended by config.status, which was
generated by GNU Autoconf 2.61.  Invocation command line was

  CONFIG_FILES    = 
  CONFIG_HEADERS  = 
  CONFIG_LINKS    = 
  CONFIG_COMMANDS = 
  $ ./config.status 

on kitty-eee

config.status:619: creating Makefile
config.status:810: executing depfiles commands

## ---------------- ##
## Cache variables. ##
## ---------------- ##

ac_cv_c_compiler_gnu=yes
ac_cv_env_CC_set=
ac_cv_env_CC_value=
ac_cv_env_CFLAGS_set=
ac_cv_env_CFLAGS_value=
ac_cv_env_CPPFLAGS_set=
ac_cv_env_CPPFLAGS_value=
ac_cv_env_GTK_CFLAGS_set=
ac_cv_env_GTK_CFLAGS_value=
ac_cv_env_GTK_LIBS_set=
ac_cv_env_GTK_LIBS_value=
ac_cv_env_LDFLAGS_set=
ac_cv_env_LDFLAGS_value=
ac_cv_env_LIBS_set=
ac_cv_env_LIBS_value=
ac_cv_env_PKG_CONFIG_set=
ac_cv_env_PKG_CONFIG_value=
ac_cv_env_build_alias_set=
ac_cv_env_build_alias_value=
ac_cv_env_host_alias_set=set
ac_cv_env_host_alias_value=i586-mingw32msvc
ac_cv_env_target_alias_set=
ac_cv_env_target_alias_value=
ac_cv_exeext=.exe
ac_cv_objext=o
ac_cv_path_ac_pt_PKG_CONFIG=/usr/bin/pkg-config
ac_cv_path_install='/usr/bin/install -c'
ac_cv_path_mkdir=/bin/mkdir
ac_cv_prog_AWK=gawk
ac_cv_prog_CC=i586-mingw32msvc-gcc
ac_cv_prog_STRIP=i586-mingw32msvc-strip
ac_cv_prog_cc_c89=
ac_cv_prog_cc_g=yes
ac_cv_prog_make_make_set=yes
am_cv_CC_dependencies_compiler_type=gcc3
pkg_cv_GTK_CFLAGS='-I/usr/include/gtk-2.0 -I/usr/lib/gtk-2.0/include -I/usr/include/pango-1.0 -I/usr/include/glib-2.0 -I/usr/lib/glib-2.0/include -I/usr/include/cairo -I/usr/include/freetype2 -I/usr/include/libpng12 -I/usr/include/pixman-1 -I/usr/include/atk-1.0  '
pkg_cv_GTK_LIBS='-lgtk-x11-2.0 -lgdk-x11-2.0 -latk-1.0 -lgdk_pixbuf-2.0 -lm -lpangocairo-1.0 -lpango-1.0 -lcairo -lgobject-2.0 -lgmodule-2.0 -ldl -lglib-2.0  '

## ----------------- ##
## Output variables. ##
## ----------------- ##

-lsqlite3='hBlsqlite3'
ACLOCAL='${SHELL} /home/garfeild/Programming/gtk_project/missing --run aclocal-1.10'
AMDEPBACKSLASH='\'
AMDEP_FALSE='#'
AMDEP_TRUE=''
AMTAR='${SHELL} /home/garfeild/Programming/gtk_project/missing --run tar'
AUTOCONF='${SHELL} /home/garfeild/Programming/gtk_project/missing --run autoconf'
AUTOHEADER='${SHELL} /home/garfeild/Programming/gtk_project/missing --run autoheader'
AUTOMAKE='${SHELL} /home/garfeild/Programming/gtk_project/missing --run automake-1.10'
AWK='gawk'
CC='i586-mingw32msvc-gcc'
CCDEPMODE='depmode=gcc3'
CFLAGS='-g -O2'
CPPFLAGS=''
CYGPATH_W='echo'
DEFS='-DPACKAGE_NAME=\"\" -DPACKAGE_TARNAME=\"\" -DPACKAGE_VERSION=\"\" -DPACKAGE_STRING=\"\" -DPACKAGE_BUGREPORT=\"\" -DPACKAGE=\"elgtkdrive\" -DVERSION=\"1.0\"'
DEPDIR='.deps'
ECHO_C=''
ECHO_N='-n'
ECHO_T=''
EXEEXT='.exe'
GTK_CFLAGS='-I/usr/include/gtk-2.0 -I/usr/lib/gtk-2.0/include -I/usr/include/pango-1.0 -I/usr/include/glib-2.0 -I/usr/lib/glib-2.0/include -I/usr/include/cairo -I/usr/include/freetype2 -I/usr/include/libpng12 -I/usr/include/pixman-1 -I/usr/include/atk-1.0  '
GTK_LIBS='-lgtk-x11-2.0 -lgdk-x11-2.0 -latk-1.0 -lgdk_pixbuf-2.0 -lm -lpangocairo-1.0 -lpango-1.0 -lcairo -lgobject-2.0 -lgmodule-2.0 -ldl -lglib-2.0  '
INSTALL_DATA='${INSTALL} -m 644'
INSTALL_PROGRAM='${INSTALL}'
INSTALL_SCRIPT='${INSTALL}'
INSTALL_STRIP_PROGRAM='$(install_sh) -c -s'
LDFLAGS=''
LIBOBJS=''
LIBS=''
LTLIBOBJS=''
MAKEINFO='${SHELL} /home/garfeild/Programming/gtk_project/missing --run makeinfo'
OBJEXT='o'
PACKAGE='elgtkdrive'
PACKAGE_BUGREPORT=''
PACKAGE_NAME=''
PACKAGE_STRING=''
PACKAGE_TARNAME=''
PACKAGE_VERSION=''
PATH_SEPARATOR=':'
PKG_CONFIG='/usr/bin/pkg-config'
SET_MAKE=''
SHELL='/bin/bash'
STRIP='i586-mingw32msvc-strip'
VERSION='1.0'
ac_ct_CC=''
am__fastdepCC_FALSE='#'
am__fastdepCC_TRUE=''
am__include='include'
am__isrc=''
am__leading_dot='.'
am__quote=''
am__tar='${AMTAR} chof - "$$tardir"'
am__untar='${AMTAR} xf -'
bindir='${exec_prefix}/bin'
build_alias=''
datadir='${datarootdir}'
datarootdir='${prefix}/share'
docdir='${datarootdir}/doc/${PACKAGE}'
dvidir='${docdir}'
exec_prefix='${prefix}'
host_alias='i586-mingw32msvc'
htmldir='${docdir}'
includedir='${prefix}/include'
infodir='${datarootdir}/info'
install_sh='$(SHELL) /home/garfeild/Programming/gtk_project/install-sh'
libdir='${exec_prefix}/lib'
libexecdir='${exec_prefix}/libexec'
localedir='${datarootdir}/locale'
localstatedir='${prefix}/var'
mandir='${datarootdir}/man'
mkdir_p='/bin/mkdir -p'
oldincludedir='/usr/include'
pdfdir='${docdir}'
prefix='/usr/local'
program_transform_name='s,x,x,'
psdir='${docdir}'
sbindir='${exec_prefix}/sbin'
sharedstatedir='${prefix}/com'
sysconfdir='${prefix}/etc'
target_alias=''

## ----------- ##
## confdefs.h. ##
## ----------- ##

#define PACKAGE_NAME ""
#define PACKAGE_TARNAME ""
#define PACKAGE_VERSION ""
#define PACKAGE_STRING ""
#define PACKAGE_BUGREPORT ""
#define PACKAGE "elgtkdrive"
#define VERSION "1.0"

configure: exit 0

## ---------------------- ##
## Running config.status. ##
## ---------------------- ##

This file was extended by config.status, which was
generated by GNU Autoconf 2.61.  Invocation command line was

  CONFIG_FILES    = 
  CONFIG_HEADERS  = 
  CONFIG_LINKS    = 
  CONFIG_COMMANDS = 
  $ ./config.status Makefile depfiles

on kitty-eee

config.status:619: creating Makefile
config.status:810: executing depfiles commands
